c:\users\djehm_000\documents\computer science\personal project files\cinder_0.8.6_vc2013\cinder_0.8.6_vc2013\projects\graphy\graphy\debug\vc140.pdb
c:\users\djehm_000\documents\computer science\personal project files\cinder_0.8.6_vc2013\cinder_0.8.6_vc2013\projects\graphy\graphy\debug\vc140.idb
c:\users\djehm_000\documents\computer science\personal project files\cinder_0.8.6_vc2013\cinder_0.8.6_vc2013\projects\graphy\graphy\debug\apshortestpath.obj
c:\users\djehm_000\documents\computer science\personal project files\cinder_0.8.6_vc2013\cinder_0.8.6_vc2013\projects\graphy\graphy\debug\dijkstra.obj
c:\users\djehm_000\documents\computer science\personal project files\cinder_0.8.6_vc2013\cinder_0.8.6_vc2013\projects\graphy\graphy\debug\graphcolor.obj
c:\users\djehm_000\documents\computer science\personal project files\cinder_0.8.6_vc2013\cinder_0.8.6_vc2013\projects\graphy\graphy\debug\mst.obj
c:\users\djehm_000\documents\computer science\personal project files\cinder_0.8.6_vc2013\cinder_0.8.6_vc2013\projects\graphy\graphy\debug\tarjan.obj
c:\users\djehm_000\documents\computer science\personal project files\cinder_0.8.6_vc2013\cinder_0.8.6_vc2013\projects\graphy\graphy\debug\adjlist.obj
c:\users\djehm_000\documents\computer science\personal project files\cinder_0.8.6_vc2013\cinder_0.8.6_vc2013\projects\graphy\graphy\debug\adjlistnode.obj
c:\users\djehm_000\documents\computer science\personal project files\cinder_0.8.6_vc2013\cinder_0.8.6_vc2013\projects\graphy\graphy\debug\graph.obj
c:\users\djehm_000\documents\computer science\personal project files\cinder_0.8.6_vc2013\cinder_0.8.6_vc2013\projects\graphy\graphy\debug\testmain.obj
c:\users\djehm_000\documents\computer science\personal project files\cinder_0.8.6_vc2013\cinder_0.8.6_vc2013\projects\graphy\graphy\debug\button.obj
c:\users\djehm_000\documents\computer science\personal project files\cinder_0.8.6_vc2013\cinder_0.8.6_vc2013\projects\graphy\graphy\debug\expander.obj
c:\users\djehm_000\documents\computer science\personal project files\cinder_0.8.6_vc2013\cinder_0.8.6_vc2013\projects\graphy\graphy\debug\graphyapp.obj
c:\users\djehm_000\documents\computer science\personal project files\cinder_0.8.6_vc2013\cinder_0.8.6_vc2013\projects\graphy\graphy\debug\interfaceutil.obj
c:\users\djehm_000\documents\computer science\personal project files\cinder_0.8.6_vc2013\cinder_0.8.6_vc2013\projects\graphy\graphy\debug\lineitem.obj
c:\users\djehm_000\documents\computer science\personal project files\cinder_0.8.6_vc2013\cinder_0.8.6_vc2013\projects\graphy\graphy\debug\panel.obj
c:\users\djehm_000\documents\computer science\personal project files\cinder_0.8.6_vc2013\cinder_0.8.6_vc2013\projects\graphy\debug\graphy.pdb
c:\users\djehm_000\documents\computer science\personal project files\cinder_0.8.6_vc2013\cinder_0.8.6_vc2013\projects\graphy\graphy\debug\graphy.tlog\cl.command.1.tlog
c:\users\djehm_000\documents\computer science\personal project files\cinder_0.8.6_vc2013\cinder_0.8.6_vc2013\projects\graphy\graphy\debug\graphy.tlog\cl.read.1.tlog
c:\users\djehm_000\documents\computer science\personal project files\cinder_0.8.6_vc2013\cinder_0.8.6_vc2013\projects\graphy\graphy\debug\graphy.tlog\cl.write.1.tlog
c:\users\djehm_000\documents\computer science\personal project files\cinder_0.8.6_vc2013\cinder_0.8.6_vc2013\projects\graphy\graphy\debug\graphy.tlog\link-cvtres.read.1.tlog
c:\users\djehm_000\documents\computer science\personal project files\cinder_0.8.6_vc2013\cinder_0.8.6_vc2013\projects\graphy\graphy\debug\graphy.tlog\link-cvtres.write.1.tlog
c:\users\djehm_000\documents\computer science\personal project files\cinder_0.8.6_vc2013\cinder_0.8.6_vc2013\projects\graphy\graphy\debug\graphy.tlog\link-rc.read.1.tlog
c:\users\djehm_000\documents\computer science\personal project files\cinder_0.8.6_vc2013\cinder_0.8.6_vc2013\projects\graphy\graphy\debug\graphy.tlog\link-rc.write.1.tlog
c:\users\djehm_000\documents\computer science\personal project files\cinder_0.8.6_vc2013\cinder_0.8.6_vc2013\projects\graphy\graphy\debug\graphy.tlog\link.command.1.tlog
c:\users\djehm_000\documents\computer science\personal project files\cinder_0.8.6_vc2013\cinder_0.8.6_vc2013\projects\graphy\graphy\debug\graphy.tlog\link.read.1.tlog
c:\users\djehm_000\documents\computer science\personal project files\cinder_0.8.6_vc2013\cinder_0.8.6_vc2013\projects\graphy\graphy\debug\graphy.tlog\link.write.1.tlog
