Build started 11/8/2015 6:21:43 PM.
     1>Project "C:\Users\djehm_000\Documents\Computer Science\Personal Project Files\cinder_0.8.6_vc2013\cinder_0.8.6_vc2013\Projects\Graphy\Graphy\Graphy.vcxproj" on node 2 (Build target(s)).
     1>ClCompile:
         C:\Program Files (x86)\Microsoft Visual Studio 12.0\VC\bin\CL.exe /c /I..\..\..\boost /I..\..\..\include /ZI /nologo /W3 /WX- /sdl /Od /Oy- /D _UNICODE /D UNICODE /Gm /EHsc /RTC1 /MTd /GS /fp:precise /Zc:wchar_t /Zc:forScope /Fo"Debug\\" /Fd"Debug\vc120.pdb" /Gd /TP /analyze- /errorReport:prompt Interface\Panel.cpp
         Panel.cpp
     1>c:\users\djehm_000\documents\computer science\personal project files\cinder_0.8.6_vc2013\cinder_0.8.6_vc2013\projects\graphy\graphy\interface\interfaceutil.h(11): warning C4244: 'initializing' : conversion from 'float' to 'const unsigned int', possible loss of data
     1>c:\users\djehm_000\documents\computer science\personal project files\cinder_0.8.6_vc2013\cinder_0.8.6_vc2013\projects\graphy\graphy\interface\interfaceutil.h(15): warning C4091: 'static ' : ignored on left of 'Graphy_App::InterfaceUtil' when no variable is declared
     1>c:\users\djehm_000\documents\computer science\personal project files\cinder_0.8.6_vc2013\cinder_0.8.6_vc2013\projects\graphy\graphy\interface\panel.cpp(36): warning C4244: 'argument' : conversion from 'size_t' to 'float', possible loss of data
     1>c:\users\djehm_000\documents\computer science\personal project files\cinder_0.8.6_vc2013\cinder_0.8.6_vc2013\projects\graphy\graphy\interface\panel.cpp(39): warning C4244: '=' : conversion from 'float' to 'int', possible loss of data
     1>c:\users\djehm_000\documents\computer science\personal project files\cinder_0.8.6_vc2013\cinder_0.8.6_vc2013\projects\graphy\graphy\interface\panel.cpp(119): warning C4244: '=' : conversion from 'float' to 'int', possible loss of data
       Link:
         C:\Program Files (x86)\Microsoft Visual Studio 12.0\VC\bin\link.exe /ERRORREPORT:PROMPT /OUT:"C:\Users\djehm_000\Documents\Computer Science\Personal Project Files\cinder_0.8.6_vc2013\cinder_0.8.6_vc2013\Projects\Graphy\Debug\Graphy.exe" /INCREMENTAL /NOLOGO /LIBPATH:..\..\..\lib\msw\x86 "cinder-v120_d.lib" kernel32.lib user32.lib gdi32.lib winspool.lib comdlg32.lib advapi32.lib shell32.lib ole32.lib oleaut32.lib uuid.lib odbc32.lib odbccp32.lib /NODEFAULTLIB:LIBCMT /MANIFEST /MANIFESTUAC:"level='asInvoker' uiAccess='false'" /manifest:embed /DEBUG /PDB:"C:\Users\djehm_000\Documents\Computer Science\Personal Project Files\cinder_0.8.6_vc2013\cinder_0.8.6_vc2013\Projects\Graphy\Debug\Graphy.pdb" /TLBID:1 /DYNAMICBASE /NXCOMPAT /IMPLIB:"C:\Users\djehm_000\Documents\Computer Science\Personal Project Files\cinder_0.8.6_vc2013\cinder_0.8.6_vc2013\Projects\Graphy\Debug\Graphy.lib" /MACHINE:X86 Debug\APShortestPath.obj
         Debug\Dijkstra.obj
         Debug\GraphColor.obj
         Debug\Mst.obj
         Debug\Tarjan.obj
         Debug\AdjList.obj
         Debug\AdjListNode.obj
         Debug\Graph.obj
         Debug\TestMain.obj
         Debug\Button.obj
         Debug\Expander.obj
         Debug\GraphyApp.obj
         Debug\InterfaceUtil.obj
         Debug\LineItem.obj
         Debug\Panel.obj
         Graphy.vcxproj -> C:\Users\djehm_000\Documents\Computer Science\Personal Project Files\cinder_0.8.6_vc2013\cinder_0.8.6_vc2013\Projects\Graphy\Debug\Graphy.exe
     1>Done Building Project "C:\Users\djehm_000\Documents\Computer Science\Personal Project Files\cinder_0.8.6_vc2013\cinder_0.8.6_vc2013\Projects\Graphy\Graphy\Graphy.vcxproj" (Build target(s)).

Build succeeded.

Time Elapsed 00:00:08.30
