c:\users\djehm_000\documents\computer science\personal project files\cinder_0.8.6_vc2013\cinder_0.8.6_vc2013\projects\graphy\graphy\x64\debug\vc140.pdb
c:\users\djehm_000\documents\computer science\personal project files\cinder_0.8.6_vc2013\cinder_0.8.6_vc2013\projects\graphy\graphy\x64\debug\vc140.idb
c:\users\djehm_000\documents\computer science\personal project files\cinder_0.8.6_vc2013\cinder_0.8.6_vc2013\projects\graphy\graphy\x64\debug\apshortestpath.obj
c:\users\djehm_000\documents\computer science\personal project files\cinder_0.8.6_vc2013\cinder_0.8.6_vc2013\projects\graphy\graphy\x64\debug\dijkstra.obj
c:\users\djehm_000\documents\computer science\personal project files\cinder_0.8.6_vc2013\cinder_0.8.6_vc2013\projects\graphy\graphy\x64\debug\graphcolor.obj
c:\users\djehm_000\documents\computer science\personal project files\cinder_0.8.6_vc2013\cinder_0.8.6_vc2013\projects\graphy\graphy\x64\debug\mst.obj
c:\users\djehm_000\documents\computer science\personal project files\cinder_0.8.6_vc2013\cinder_0.8.6_vc2013\projects\graphy\graphy\x64\debug\tarjan.obj
c:\users\djehm_000\documents\computer science\personal project files\cinder_0.8.6_vc2013\cinder_0.8.6_vc2013\projects\graphy\graphy\x64\debug\adjlist.obj
c:\users\djehm_000\documents\computer science\personal project files\cinder_0.8.6_vc2013\cinder_0.8.6_vc2013\projects\graphy\graphy\x64\debug\adjlistnode.obj
c:\users\djehm_000\documents\computer science\personal project files\cinder_0.8.6_vc2013\cinder_0.8.6_vc2013\projects\graphy\graphy\x64\debug\graph.obj
c:\users\djehm_000\documents\computer science\personal project files\cinder_0.8.6_vc2013\cinder_0.8.6_vc2013\projects\graphy\graphy\x64\debug\testmain.obj
c:\users\djehm_000\documents\computer science\personal project files\cinder_0.8.6_vc2013\cinder_0.8.6_vc2013\projects\graphy\graphy\x64\debug\button.obj
c:\users\djehm_000\documents\computer science\personal project files\cinder_0.8.6_vc2013\cinder_0.8.6_vc2013\projects\graphy\graphy\x64\debug\checkbox.obj
c:\users\djehm_000\documents\computer science\personal project files\cinder_0.8.6_vc2013\cinder_0.8.6_vc2013\projects\graphy\graphy\x64\debug\expander.obj
c:\users\djehm_000\documents\computer science\personal project files\cinder_0.8.6_vc2013\cinder_0.8.6_vc2013\projects\graphy\graphy\x64\debug\graphyapp.obj
c:\users\djehm_000\documents\computer science\personal project files\cinder_0.8.6_vc2013\cinder_0.8.6_vc2013\projects\graphy\graphy\x64\debug\interfaceutil.obj
c:\users\djehm_000\documents\computer science\personal project files\cinder_0.8.6_vc2013\cinder_0.8.6_vc2013\projects\graphy\graphy\x64\debug\lineitem.obj
c:\users\djehm_000\documents\computer science\personal project files\cinder_0.8.6_vc2013\cinder_0.8.6_vc2013\projects\graphy\graphy\x64\debug\panel.obj
c:\users\djehm_000\documents\computer science\personal project files\cinder_0.8.6_vc2013\cinder_0.8.6_vc2013\projects\graphy\x64\debug\graphy.ilk
c:\users\djehm_000\documents\computer science\personal project files\cinder_0.8.6_vc2013\cinder_0.8.6_vc2013\projects\graphy\x64\debug\graphy.exe
c:\users\djehm_000\documents\computer science\personal project files\cinder_0.8.6_vc2013\cinder_0.8.6_vc2013\projects\graphy\x64\debug\graphy.pdb
c:\users\djehm_000\documents\computer science\personal project files\cinder_0.8.6_vc2013\cinder_0.8.6_vc2013\projects\graphy\graphy\x64\debug\graphy.tlog\cl.command.1.tlog
c:\users\djehm_000\documents\computer science\personal project files\cinder_0.8.6_vc2013\cinder_0.8.6_vc2013\projects\graphy\graphy\x64\debug\graphy.tlog\cl.read.1.tlog
c:\users\djehm_000\documents\computer science\personal project files\cinder_0.8.6_vc2013\cinder_0.8.6_vc2013\projects\graphy\graphy\x64\debug\graphy.tlog\cl.write.1.tlog
c:\users\djehm_000\documents\computer science\personal project files\cinder_0.8.6_vc2013\cinder_0.8.6_vc2013\projects\graphy\graphy\x64\debug\graphy.tlog\link.command.1.tlog
c:\users\djehm_000\documents\computer science\personal project files\cinder_0.8.6_vc2013\cinder_0.8.6_vc2013\projects\graphy\graphy\x64\debug\graphy.tlog\link.read.1.tlog
c:\users\djehm_000\documents\computer science\personal project files\cinder_0.8.6_vc2013\cinder_0.8.6_vc2013\projects\graphy\graphy\x64\debug\graphy.tlog\link.write.1.tlog
