  Panel.cpp
  NOTE: Use of this header (bool_trait_def.hpp) is deprecated
  NOTE: Use of this header (template_arity_spec.hpp) is deprecated
  NOTE: Use of this header (template_arity_spec.hpp) is deprecated
c:\users\djehm_000\documents\computer science\personal project files\cinder_0.8.6_vc2013\cinder_0.8.6_vc2013\projects\graphy\graphy\interface\interfaceutil.h(18): warning C4244: 'initializing': conversion from 'float' to 'const unsigned int', possible loss of data
c:\users\djehm_000\documents\computer science\personal project files\cinder_0.8.6_vc2013\cinder_0.8.6_vc2013\projects\graphy\graphy\interface\interfaceutil.h(27): warning C4091: 'static ': ignored on left of 'Graphy_App::InterfaceUtil' when no variable is declared
c:\users\djehm_000\documents\computer science\personal project files\cinder_0.8.6_vc2013\cinder_0.8.6_vc2013\projects\graphy\graphy\interface\panel.cpp(39): warning C4244: 'argument': conversion from 'size_t' to 'float', possible loss of data
c:\users\djehm_000\documents\computer science\personal project files\cinder_0.8.6_vc2013\cinder_0.8.6_vc2013\projects\graphy\graphy\interface\panel.cpp(42): warning C4244: '=': conversion from 'float' to 'int', possible loss of data
c:\users\djehm_000\documents\computer science\personal project files\cinder_0.8.6_vc2013\cinder_0.8.6_vc2013\projects\graphy\graphy\interface\panel.cpp(89): warning C4267: 'initializing': conversion from 'size_t' to 'int', possible loss of data
c:\users\djehm_000\documents\computer science\personal project files\cinder_0.8.6_vc2013\cinder_0.8.6_vc2013\projects\graphy\graphy\interface\panel.cpp(90): warning C4267: 'initializing': conversion from 'size_t' to 'int', possible loss of data
c:\users\djehm_000\documents\computer science\personal project files\cinder_0.8.6_vc2013\cinder_0.8.6_vc2013\projects\graphy\graphy\interface\panel.cpp(115): warning C4267: 'initializing': conversion from 'size_t' to 'int', possible loss of data
c:\users\djehm_000\documents\computer science\personal project files\cinder_0.8.6_vc2013\cinder_0.8.6_vc2013\projects\graphy\graphy\interface\panel.cpp(116): warning C4267: 'initializing': conversion from 'size_t' to 'int', possible loss of data
c:\users\djehm_000\documents\computer science\personal project files\cinder_0.8.6_vc2013\cinder_0.8.6_vc2013\projects\graphy\graphy\interface\panel.cpp(141): warning C4244: '=': conversion from 'float' to 'int', possible loss of data
c:\users\djehm_000\documents\computer science\personal project files\cinder_0.8.6_vc2013\cinder_0.8.6_vc2013\projects\graphy\graphy\interface\panel.cpp(238): warning C4267: 'initializing': conversion from 'size_t' to 'int', possible loss of data
c:\users\djehm_000\documents\computer science\personal project files\cinder_0.8.6_vc2013\cinder_0.8.6_vc2013\projects\graphy\graphy\interface\panel.cpp(239): warning C4267: 'initializing': conversion from 'size_t' to 'int', possible loss of data
c:\program files (x86)\microsoft visual studio 14.0\vc\include\xmemory(349): warning C4996: 'std::_Uninitialized_copy0': Function call with parameters that may be unsafe - this call relies on the caller to check that the passed values are correct. To disable this warning, use -D_SCL_SECURE_NO_WARNINGS. See documentation on how to use Visual C++ 'Checked Iterators'
  c:\program files (x86)\microsoft visual studio 14.0\vc\include\xmemory(336): note: see declaration of 'std::_Uninitialized_copy0'
  c:\users\djehm_000\documents\computer science\personal project files\cinder_0.8.6_vc2013\cinder_0.8.6_vc2013\boost\boost\signals2\detail\auto_buffer.hpp(191): note: see reference to function template instantiation '_FwdIt std::uninitialized_copy<I,boost::shared_ptr<void>*>(_InIt,_InIt,_FwdIt)' being compiled
          with
          [
              _FwdIt=boost::shared_ptr<void> *,
              I=boost::shared_ptr<void> *,
              _InIt=boost::shared_ptr<void> *
          ]
  c:\users\djehm_000\documents\computer science\personal project files\cinder_0.8.6_vc2013\cinder_0.8.6_vc2013\boost\boost\signals2\detail\auto_buffer.hpp(178): note: see reference to function template instantiation 'void boost::signals2::detail::auto_buffer<boost::shared_ptr<void>,boost::signals2::detail::store_n_objects<10>,boost::signals2::detail::default_grow_policy,std::allocator<T>>::copy_rai<I,false>(I,I,boost::shared_ptr<void> *,const boost::integral_constant<bool,false> &)' being compiled
          with
          [
              T=boost::shared_ptr<void>,
              I=boost::shared_ptr<void> *
          ]
  c:\users\djehm_000\documents\computer science\personal project files\cinder_0.8.6_vc2013\cinder_0.8.6_vc2013\boost\boost\signals2\detail\auto_buffer.hpp(178): note: see reference to function template instantiation 'void boost::signals2::detail::auto_buffer<boost::shared_ptr<void>,boost::signals2::detail::store_n_objects<10>,boost::signals2::detail::default_grow_policy,std::allocator<T>>::copy_rai<I,false>(I,I,boost::shared_ptr<void> *,const boost::integral_constant<bool,false> &)' being compiled
          with
          [
              T=boost::shared_ptr<void>,
              I=boost::shared_ptr<void> *
          ]
  c:\users\djehm_000\documents\computer science\personal project files\cinder_0.8.6_vc2013\cinder_0.8.6_vc2013\boost\boost\signals2\detail\auto_buffer.hpp(204): note: see reference to function template instantiation 'void boost::signals2::detail::auto_buffer<boost::shared_ptr<void>,boost::signals2::detail::store_n_objects<10>,boost::signals2::detail::default_grow_policy,std::allocator<T>>::copy_impl<I>(I,I,boost::shared_ptr<void> *,std::random_access_iterator_tag)' being compiled
          with
          [
              T=boost::shared_ptr<void>,
              I=boost::shared_ptr<void> *
          ]
  c:\users\djehm_000\documents\computer science\personal project files\cinder_0.8.6_vc2013\cinder_0.8.6_vc2013\boost\boost\signals2\detail\auto_buffer.hpp(203): note: see reference to function template instantiation 'void boost::signals2::detail::auto_buffer<boost::shared_ptr<void>,boost::signals2::detail::store_n_objects<10>,boost::signals2::detail::default_grow_policy,std::allocator<T>>::copy_impl<I>(I,I,boost::shared_ptr<void> *,std::random_access_iterator_tag)' being compiled
          with
          [
              T=boost::shared_ptr<void>,
              I=boost::shared_ptr<void> *
          ]
  c:\users\djehm_000\documents\computer science\personal project files\cinder_0.8.6_vc2013\cinder_0.8.6_vc2013\boost\boost\signals2\detail\auto_buffer.hpp(296): note: see reference to function template instantiation 'void boost::signals2::detail::auto_buffer<boost::shared_ptr<void>,boost::signals2::detail::store_n_objects<10>,boost::signals2::detail::default_grow_policy,std::allocator<T>>::copy_impl<boost::shared_ptr<void>*>(I,I,boost::shared_ptr<void> *)' being compiled
          with
          [
              T=boost::shared_ptr<void>,
              I=boost::shared_ptr<void> *
          ]
  c:\users\djehm_000\documents\computer science\personal project files\cinder_0.8.6_vc2013\cinder_0.8.6_vc2013\boost\boost\signals2\detail\auto_buffer.hpp(296): note: see reference to function template instantiation 'void boost::signals2::detail::auto_buffer<boost::shared_ptr<void>,boost::signals2::detail::store_n_objects<10>,boost::signals2::detail::default_grow_policy,std::allocator<T>>::copy_impl<boost::shared_ptr<void>*>(I,I,boost::shared_ptr<void> *)' being compiled
          with
          [
              T=boost::shared_ptr<void>,
              I=boost::shared_ptr<void> *
          ]
  c:\users\djehm_000\documents\computer science\personal project files\cinder_0.8.6_vc2013\cinder_0.8.6_vc2013\boost\boost\signals2\detail\auto_buffer.hpp(294): note: while compiling class template member function 'boost::shared_ptr<void> *boost::signals2::detail::auto_buffer<boost::shared_ptr<void>,boost::signals2::detail::store_n_objects<10>,boost::signals2::detail::default_grow_policy,std::allocator<T>>::move_to_new_buffer(unsigned __int64,const boost::true_type &)'
          with
          [
              T=boost::shared_ptr<void>
          ]
  c:\users\djehm_000\documents\computer science\personal project files\cinder_0.8.6_vc2013\cinder_0.8.6_vc2013\boost\boost\signals2\detail\auto_buffer.hpp(302): note: see reference to function template instantiation 'boost::shared_ptr<void> *boost::signals2::detail::auto_buffer<boost::shared_ptr<void>,boost::signals2::detail::store_n_objects<10>,boost::signals2::detail::default_grow_policy,std::allocator<T>>::move_to_new_buffer(unsigned __int64,const boost::true_type &)' being compiled
          with
          [
              T=boost::shared_ptr<void>
          ]
  c:\users\djehm_000\documents\computer science\personal project files\cinder_0.8.6_vc2013\cinder_0.8.6_vc2013\boost\boost\signals2\connection.hpp(53): note: see reference to class template instantiation 'boost::signals2::detail::auto_buffer<boost::shared_ptr<void>,boost::signals2::detail::store_n_objects<10>,boost::signals2::detail::default_grow_policy,std::allocator<T>>' being compiled
          with
          [
              T=boost::shared_ptr<void>
          ]
  c:\users\djehm_000\documents\computer science\personal project files\cinder_0.8.6_vc2013\cinder_0.8.6_vc2013\boost\boost\signals2\connection.hpp(55): note: see reference to class template instantiation 'boost::signals2::detail::garbage_collecting_lock<Mutex>' being compiled
  LineItem.cpp
  NOTE: Use of this header (bool_trait_def.hpp) is deprecated
  NOTE: Use of this header (template_arity_spec.hpp) is deprecated
  NOTE: Use of this header (template_arity_spec.hpp) is deprecated
c:\program files (x86)\microsoft visual studio 14.0\vc\include\xmemory(349): warning C4996: 'std::_Uninitialized_copy0': Function call with parameters that may be unsafe - this call relies on the caller to check that the passed values are correct. To disable this warning, use -D_SCL_SECURE_NO_WARNINGS. See documentation on how to use Visual C++ 'Checked Iterators'
  c:\program files (x86)\microsoft visual studio 14.0\vc\include\xmemory(336): note: see declaration of 'std::_Uninitialized_copy0'
  c:\users\djehm_000\documents\computer science\personal project files\cinder_0.8.6_vc2013\cinder_0.8.6_vc2013\boost\boost\signals2\detail\auto_buffer.hpp(191): note: see reference to function template instantiation '_FwdIt std::uninitialized_copy<I,boost::shared_ptr<void>*>(_InIt,_InIt,_FwdIt)' being compiled
          with
          [
              _FwdIt=boost::shared_ptr<void> *,
              I=boost::shared_ptr<void> *,
              _InIt=boost::shared_ptr<void> *
          ]
  c:\users\djehm_000\documents\computer science\personal project files\cinder_0.8.6_vc2013\cinder_0.8.6_vc2013\boost\boost\signals2\detail\auto_buffer.hpp(178): note: see reference to function template instantiation 'void boost::signals2::detail::auto_buffer<boost::shared_ptr<void>,boost::signals2::detail::store_n_objects<10>,boost::signals2::detail::default_grow_policy,std::allocator<T>>::copy_rai<I,false>(I,I,boost::shared_ptr<void> *,const boost::integral_constant<bool,false> &)' being compiled
          with
          [
              T=boost::shared_ptr<void>,
              I=boost::shared_ptr<void> *
          ]
  c:\users\djehm_000\documents\computer science\personal project files\cinder_0.8.6_vc2013\cinder_0.8.6_vc2013\boost\boost\signals2\detail\auto_buffer.hpp(178): note: see reference to function template instantiation 'void boost::signals2::detail::auto_buffer<boost::shared_ptr<void>,boost::signals2::detail::store_n_objects<10>,boost::signals2::detail::default_grow_policy,std::allocator<T>>::copy_rai<I,false>(I,I,boost::shared_ptr<void> *,const boost::integral_constant<bool,false> &)' being compiled
          with
          [
              T=boost::shared_ptr<void>,
              I=boost::shared_ptr<void> *
          ]
  c:\users\djehm_000\documents\computer science\personal project files\cinder_0.8.6_vc2013\cinder_0.8.6_vc2013\boost\boost\signals2\detail\auto_buffer.hpp(204): note: see reference to function template instantiation 'void boost::signals2::detail::auto_buffer<boost::shared_ptr<void>,boost::signals2::detail::store_n_objects<10>,boost::signals2::detail::default_grow_policy,std::allocator<T>>::copy_impl<I>(I,I,boost::shared_ptr<void> *,std::random_access_iterator_tag)' being compiled
          with
          [
              T=boost::shared_ptr<void>,
              I=boost::shared_ptr<void> *
          ]
  c:\users\djehm_000\documents\computer science\personal project files\cinder_0.8.6_vc2013\cinder_0.8.6_vc2013\boost\boost\signals2\detail\auto_buffer.hpp(203): note: see reference to function template instantiation 'void boost::signals2::detail::auto_buffer<boost::shared_ptr<void>,boost::signals2::detail::store_n_objects<10>,boost::signals2::detail::default_grow_policy,std::allocator<T>>::copy_impl<I>(I,I,boost::shared_ptr<void> *,std::random_access_iterator_tag)' being compiled
          with
          [
              T=boost::shared_ptr<void>,
              I=boost::shared_ptr<void> *
          ]
  c:\users\djehm_000\documents\computer science\personal project files\cinder_0.8.6_vc2013\cinder_0.8.6_vc2013\boost\boost\signals2\detail\auto_buffer.hpp(296): note: see reference to function template instantiation 'void boost::signals2::detail::auto_buffer<boost::shared_ptr<void>,boost::signals2::detail::store_n_objects<10>,boost::signals2::detail::default_grow_policy,std::allocator<T>>::copy_impl<boost::shared_ptr<void>*>(I,I,boost::shared_ptr<void> *)' being compiled
          with
          [
              T=boost::shared_ptr<void>,
              I=boost::shared_ptr<void> *
          ]
  c:\users\djehm_000\documents\computer science\personal project files\cinder_0.8.6_vc2013\cinder_0.8.6_vc2013\boost\boost\signals2\detail\auto_buffer.hpp(296): note: see reference to function template instantiation 'void boost::signals2::detail::auto_buffer<boost::shared_ptr<void>,boost::signals2::detail::store_n_objects<10>,boost::signals2::detail::default_grow_policy,std::allocator<T>>::copy_impl<boost::shared_ptr<void>*>(I,I,boost::shared_ptr<void> *)' being compiled
          with
          [
              T=boost::shared_ptr<void>,
              I=boost::shared_ptr<void> *
          ]
  c:\users\djehm_000\documents\computer science\personal project files\cinder_0.8.6_vc2013\cinder_0.8.6_vc2013\boost\boost\signals2\detail\auto_buffer.hpp(294): note: while compiling class template member function 'boost::shared_ptr<void> *boost::signals2::detail::auto_buffer<boost::shared_ptr<void>,boost::signals2::detail::store_n_objects<10>,boost::signals2::detail::default_grow_policy,std::allocator<T>>::move_to_new_buffer(unsigned __int64,const boost::true_type &)'
          with
          [
              T=boost::shared_ptr<void>
          ]
  c:\users\djehm_000\documents\computer science\personal project files\cinder_0.8.6_vc2013\cinder_0.8.6_vc2013\boost\boost\signals2\detail\auto_buffer.hpp(302): note: see reference to function template instantiation 'boost::shared_ptr<void> *boost::signals2::detail::auto_buffer<boost::shared_ptr<void>,boost::signals2::detail::store_n_objects<10>,boost::signals2::detail::default_grow_policy,std::allocator<T>>::move_to_new_buffer(unsigned __int64,const boost::true_type &)' being compiled
          with
          [
              T=boost::shared_ptr<void>
          ]
  c:\users\djehm_000\documents\computer science\personal project files\cinder_0.8.6_vc2013\cinder_0.8.6_vc2013\boost\boost\signals2\connection.hpp(53): note: see reference to class template instantiation 'boost::signals2::detail::auto_buffer<boost::shared_ptr<void>,boost::signals2::detail::store_n_objects<10>,boost::signals2::detail::default_grow_policy,std::allocator<T>>' being compiled
          with
          [
              T=boost::shared_ptr<void>
          ]
  c:\users\djehm_000\documents\computer science\personal project files\cinder_0.8.6_vc2013\cinder_0.8.6_vc2013\boost\boost\signals2\connection.hpp(55): note: see reference to class template instantiation 'boost::signals2::detail::garbage_collecting_lock<Mutex>' being compiled
  InterfaceUtil.cpp
  NOTE: Use of this header (bool_trait_def.hpp) is deprecated
  NOTE: Use of this header (template_arity_spec.hpp) is deprecated
  NOTE: Use of this header (template_arity_spec.hpp) is deprecated
c:\users\djehm_000\documents\computer science\personal project files\cinder_0.8.6_vc2013\cinder_0.8.6_vc2013\projects\graphy\graphy\interface\interfaceutil.h(18): warning C4244: 'initializing': conversion from 'float' to 'const unsigned int', possible loss of data
c:\users\djehm_000\documents\computer science\personal project files\cinder_0.8.6_vc2013\cinder_0.8.6_vc2013\projects\graphy\graphy\interface\interfaceutil.h(27): warning C4091: 'static ': ignored on left of 'Graphy_App::InterfaceUtil' when no variable is declared
c:\program files (x86)\microsoft visual studio 14.0\vc\include\xmemory(349): warning C4996: 'std::_Uninitialized_copy0': Function call with parameters that may be unsafe - this call relies on the caller to check that the passed values are correct. To disable this warning, use -D_SCL_SECURE_NO_WARNINGS. See documentation on how to use Visual C++ 'Checked Iterators'
  c:\program files (x86)\microsoft visual studio 14.0\vc\include\xmemory(336): note: see declaration of 'std::_Uninitialized_copy0'
  c:\users\djehm_000\documents\computer science\personal project files\cinder_0.8.6_vc2013\cinder_0.8.6_vc2013\boost\boost\signals2\detail\auto_buffer.hpp(191): note: see reference to function template instantiation '_FwdIt std::uninitialized_copy<I,boost::shared_ptr<void>*>(_InIt,_InIt,_FwdIt)' being compiled
          with
          [
              _FwdIt=boost::shared_ptr<void> *,
              I=boost::shared_ptr<void> *,
              _InIt=boost::shared_ptr<void> *
          ]
  c:\users\djehm_000\documents\computer science\personal project files\cinder_0.8.6_vc2013\cinder_0.8.6_vc2013\boost\boost\signals2\detail\auto_buffer.hpp(178): note: see reference to function template instantiation 'void boost::signals2::detail::auto_buffer<boost::shared_ptr<void>,boost::signals2::detail::store_n_objects<10>,boost::signals2::detail::default_grow_policy,std::allocator<T>>::copy_rai<I,false>(I,I,boost::shared_ptr<void> *,const boost::integral_constant<bool,false> &)' being compiled
          with
          [
              T=boost::shared_ptr<void>,
              I=boost::shared_ptr<void> *
          ]
  c:\users\djehm_000\documents\computer science\personal project files\cinder_0.8.6_vc2013\cinder_0.8.6_vc2013\boost\boost\signals2\detail\auto_buffer.hpp(178): note: see reference to function template instantiation 'void boost::signals2::detail::auto_buffer<boost::shared_ptr<void>,boost::signals2::detail::store_n_objects<10>,boost::signals2::detail::default_grow_policy,std::allocator<T>>::copy_rai<I,false>(I,I,boost::shared_ptr<void> *,const boost::integral_constant<bool,false> &)' being compiled
          with
          [
              T=boost::shared_ptr<void>,
              I=boost::shared_ptr<void> *
          ]
  c:\users\djehm_000\documents\computer science\personal project files\cinder_0.8.6_vc2013\cinder_0.8.6_vc2013\boost\boost\signals2\detail\auto_buffer.hpp(204): note: see reference to function template instantiation 'void boost::signals2::detail::auto_buffer<boost::shared_ptr<void>,boost::signals2::detail::store_n_objects<10>,boost::signals2::detail::default_grow_policy,std::allocator<T>>::copy_impl<I>(I,I,boost::shared_ptr<void> *,std::random_access_iterator_tag)' being compiled
          with
          [
              T=boost::shared_ptr<void>,
              I=boost::shared_ptr<void> *
          ]
  c:\users\djehm_000\documents\computer science\personal project files\cinder_0.8.6_vc2013\cinder_0.8.6_vc2013\boost\boost\signals2\detail\auto_buffer.hpp(203): note: see reference to function template instantiation 'void boost::signals2::detail::auto_buffer<boost::shared_ptr<void>,boost::signals2::detail::store_n_objects<10>,boost::signals2::detail::default_grow_policy,std::allocator<T>>::copy_impl<I>(I,I,boost::shared_ptr<void> *,std::random_access_iterator_tag)' being compiled
          with
          [
              T=boost::shared_ptr<void>,
              I=boost::shared_ptr<void> *
          ]
  c:\users\djehm_000\documents\computer science\personal project files\cinder_0.8.6_vc2013\cinder_0.8.6_vc2013\boost\boost\signals2\detail\auto_buffer.hpp(296): note: see reference to function template instantiation 'void boost::signals2::detail::auto_buffer<boost::shared_ptr<void>,boost::signals2::detail::store_n_objects<10>,boost::signals2::detail::default_grow_policy,std::allocator<T>>::copy_impl<boost::shared_ptr<void>*>(I,I,boost::shared_ptr<void> *)' being compiled
          with
          [
              T=boost::shared_ptr<void>,
              I=boost::shared_ptr<void> *
          ]
  c:\users\djehm_000\documents\computer science\personal project files\cinder_0.8.6_vc2013\cinder_0.8.6_vc2013\boost\boost\signals2\detail\auto_buffer.hpp(296): note: see reference to function template instantiation 'void boost::signals2::detail::auto_buffer<boost::shared_ptr<void>,boost::signals2::detail::store_n_objects<10>,boost::signals2::detail::default_grow_policy,std::allocator<T>>::copy_impl<boost::shared_ptr<void>*>(I,I,boost::shared_ptr<void> *)' being compiled
          with
          [
              T=boost::shared_ptr<void>,
              I=boost::shared_ptr<void> *
          ]
  c:\users\djehm_000\documents\computer science\personal project files\cinder_0.8.6_vc2013\cinder_0.8.6_vc2013\boost\boost\signals2\detail\auto_buffer.hpp(294): note: while compiling class template member function 'boost::shared_ptr<void> *boost::signals2::detail::auto_buffer<boost::shared_ptr<void>,boost::signals2::detail::store_n_objects<10>,boost::signals2::detail::default_grow_policy,std::allocator<T>>::move_to_new_buffer(unsigned __int64,const boost::true_type &)'
          with
          [
              T=boost::shared_ptr<void>
          ]
  c:\users\djehm_000\documents\computer science\personal project files\cinder_0.8.6_vc2013\cinder_0.8.6_vc2013\boost\boost\signals2\detail\auto_buffer.hpp(302): note: see reference to function template instantiation 'boost::shared_ptr<void> *boost::signals2::detail::auto_buffer<boost::shared_ptr<void>,boost::signals2::detail::store_n_objects<10>,boost::signals2::detail::default_grow_policy,std::allocator<T>>::move_to_new_buffer(unsigned __int64,const boost::true_type &)' being compiled
          with
          [
              T=boost::shared_ptr<void>
          ]
  c:\users\djehm_000\documents\computer science\personal project files\cinder_0.8.6_vc2013\cinder_0.8.6_vc2013\boost\boost\signals2\connection.hpp(53): note: see reference to class template instantiation 'boost::signals2::detail::auto_buffer<boost::shared_ptr<void>,boost::signals2::detail::store_n_objects<10>,boost::signals2::detail::default_grow_policy,std::allocator<T>>' being compiled
          with
          [
              T=boost::shared_ptr<void>
          ]
  c:\users\djehm_000\documents\computer science\personal project files\cinder_0.8.6_vc2013\cinder_0.8.6_vc2013\boost\boost\signals2\connection.hpp(55): note: see reference to class template instantiation 'boost::signals2::detail::garbage_collecting_lock<Mutex>' being compiled
  GraphyApp.cpp
  NOTE: Use of this header (bool_trait_def.hpp) is deprecated
  NOTE: Use of this header (template_arity_spec.hpp) is deprecated
  NOTE: Use of this header (template_arity_spec.hpp) is deprecated
c:\users\djehm_000\documents\computer science\personal project files\cinder_0.8.6_vc2013\cinder_0.8.6_vc2013\projects\graphy\graphy\interface\interfaceutil.h(18): warning C4244: 'initializing': conversion from 'float' to 'const unsigned int', possible loss of data
c:\users\djehm_000\documents\computer science\personal project files\cinder_0.8.6_vc2013\cinder_0.8.6_vc2013\projects\graphy\graphy\interface\interfaceutil.h(27): warning C4091: 'static ': ignored on left of 'Graphy_App::InterfaceUtil' when no variable is declared
c:\users\djehm_000\documents\computer science\personal project files\cinder_0.8.6_vc2013\cinder_0.8.6_vc2013\projects\graphy\graphy\interface\graphyapp.cpp(82): warning C4244: 'argument': conversion from 'int' to 'float', possible loss of data
c:\users\djehm_000\documents\computer science\personal project files\cinder_0.8.6_vc2013\cinder_0.8.6_vc2013\projects\graphy\graphy\interface\graphyapp.cpp(86): warning C4244: 'argument': conversion from 'int' to 'float', possible loss of data
c:\users\djehm_000\documents\computer science\personal project files\cinder_0.8.6_vc2013\cinder_0.8.6_vc2013\projects\graphy\graphy\interface\graphyapp.cpp(116): warning C4244: 'argument': conversion from 'int' to 'float', possible loss of data
c:\users\djehm_000\documents\computer science\personal project files\cinder_0.8.6_vc2013\cinder_0.8.6_vc2013\projects\graphy\graphy\interface\graphyapp.cpp(150): warning C4244: '=': conversion from 'int' to 'float', possible loss of data
c:\users\djehm_000\documents\computer science\personal project files\cinder_0.8.6_vc2013\cinder_0.8.6_vc2013\projects\graphy\graphy\interface\graphyapp.cpp(151): warning C4244: '=': conversion from 'int' to 'float', possible loss of data
c:\program files (x86)\microsoft visual studio 14.0\vc\include\xmemory(349): warning C4996: 'std::_Uninitialized_copy0': Function call with parameters that may be unsafe - this call relies on the caller to check that the passed values are correct. To disable this warning, use -D_SCL_SECURE_NO_WARNINGS. See documentation on how to use Visual C++ 'Checked Iterators'
  c:\program files (x86)\microsoft visual studio 14.0\vc\include\xmemory(336): note: see declaration of 'std::_Uninitialized_copy0'
  c:\users\djehm_000\documents\computer science\personal project files\cinder_0.8.6_vc2013\cinder_0.8.6_vc2013\boost\boost\signals2\detail\auto_buffer.hpp(191): note: see reference to function template instantiation '_FwdIt std::uninitialized_copy<I,boost::shared_ptr<void>*>(_InIt,_InIt,_FwdIt)' being compiled
          with
          [
              _FwdIt=boost::shared_ptr<void> *,
              I=boost::shared_ptr<void> *,
              _InIt=boost::shared_ptr<void> *
          ]
  c:\users\djehm_000\documents\computer science\personal project files\cinder_0.8.6_vc2013\cinder_0.8.6_vc2013\boost\boost\signals2\detail\auto_buffer.hpp(178): note: see reference to function template instantiation 'void boost::signals2::detail::auto_buffer<boost::shared_ptr<void>,boost::signals2::detail::store_n_objects<10>,boost::signals2::detail::default_grow_policy,std::allocator<T>>::copy_rai<I,false>(I,I,boost::shared_ptr<void> *,const boost::integral_constant<bool,false> &)' being compiled
          with
          [
              T=boost::shared_ptr<void>,
              I=boost::shared_ptr<void> *
          ]
  c:\users\djehm_000\documents\computer science\personal project files\cinder_0.8.6_vc2013\cinder_0.8.6_vc2013\boost\boost\signals2\detail\auto_buffer.hpp(178): note: see reference to function template instantiation 'void boost::signals2::detail::auto_buffer<boost::shared_ptr<void>,boost::signals2::detail::store_n_objects<10>,boost::signals2::detail::default_grow_policy,std::allocator<T>>::copy_rai<I,false>(I,I,boost::shared_ptr<void> *,const boost::integral_constant<bool,false> &)' being compiled
          with
          [
              T=boost::shared_ptr<void>,
              I=boost::shared_ptr<void> *
          ]
  c:\users\djehm_000\documents\computer science\personal project files\cinder_0.8.6_vc2013\cinder_0.8.6_vc2013\boost\boost\signals2\detail\auto_buffer.hpp(204): note: see reference to function template instantiation 'void boost::signals2::detail::auto_buffer<boost::shared_ptr<void>,boost::signals2::detail::store_n_objects<10>,boost::signals2::detail::default_grow_policy,std::allocator<T>>::copy_impl<I>(I,I,boost::shared_ptr<void> *,std::random_access_iterator_tag)' being compiled
          with
          [
              T=boost::shared_ptr<void>,
              I=boost::shared_ptr<void> *
          ]
  c:\users\djehm_000\documents\computer science\personal project files\cinder_0.8.6_vc2013\cinder_0.8.6_vc2013\boost\boost\signals2\detail\auto_buffer.hpp(203): note: see reference to function template instantiation 'void boost::signals2::detail::auto_buffer<boost::shared_ptr<void>,boost::signals2::detail::store_n_objects<10>,boost::signals2::detail::default_grow_policy,std::allocator<T>>::copy_impl<I>(I,I,boost::shared_ptr<void> *,std::random_access_iterator_tag)' being compiled
          with
          [
              T=boost::shared_ptr<void>,
              I=boost::shared_ptr<void> *
          ]
  c:\users\djehm_000\documents\computer science\personal project files\cinder_0.8.6_vc2013\cinder_0.8.6_vc2013\boost\boost\signals2\detail\auto_buffer.hpp(296): note: see reference to function template instantiation 'void boost::signals2::detail::auto_buffer<boost::shared_ptr<void>,boost::signals2::detail::store_n_objects<10>,boost::signals2::detail::default_grow_policy,std::allocator<T>>::copy_impl<boost::shared_ptr<void>*>(I,I,boost::shared_ptr<void> *)' being compiled
          with
          [
              T=boost::shared_ptr<void>,
              I=boost::shared_ptr<void> *
          ]
  c:\users\djehm_000\documents\computer science\personal project files\cinder_0.8.6_vc2013\cinder_0.8.6_vc2013\boost\boost\signals2\detail\auto_buffer.hpp(296): note: see reference to function template instantiation 'void boost::signals2::detail::auto_buffer<boost::shared_ptr<void>,boost::signals2::detail::store_n_objects<10>,boost::signals2::detail::default_grow_policy,std::allocator<T>>::copy_impl<boost::shared_ptr<void>*>(I,I,boost::shared_ptr<void> *)' being compiled
          with
          [
              T=boost::shared_ptr<void>,
              I=boost::shared_ptr<void> *
          ]
  c:\users\djehm_000\documents\computer science\personal project files\cinder_0.8.6_vc2013\cinder_0.8.6_vc2013\boost\boost\signals2\detail\auto_buffer.hpp(294): note: while compiling class template member function 'boost::shared_ptr<void> *boost::signals2::detail::auto_buffer<boost::shared_ptr<void>,boost::signals2::detail::store_n_objects<10>,boost::signals2::detail::default_grow_policy,std::allocator<T>>::move_to_new_buffer(unsigned __int64,const boost::true_type &)'
          with
          [
              T=boost::shared_ptr<void>
          ]
  c:\users\djehm_000\documents\computer science\personal project files\cinder_0.8.6_vc2013\cinder_0.8.6_vc2013\boost\boost\signals2\detail\auto_buffer.hpp(302): note: see reference to function template instantiation 'boost::shared_ptr<void> *boost::signals2::detail::auto_buffer<boost::shared_ptr<void>,boost::signals2::detail::store_n_objects<10>,boost::signals2::detail::default_grow_policy,std::allocator<T>>::move_to_new_buffer(unsigned __int64,const boost::true_type &)' being compiled
          with
          [
              T=boost::shared_ptr<void>
          ]
  c:\users\djehm_000\documents\computer science\personal project files\cinder_0.8.6_vc2013\cinder_0.8.6_vc2013\boost\boost\signals2\connection.hpp(53): note: see reference to class template instantiation 'boost::signals2::detail::auto_buffer<boost::shared_ptr<void>,boost::signals2::detail::store_n_objects<10>,boost::signals2::detail::default_grow_policy,std::allocator<T>>' being compiled
          with
          [
              T=boost::shared_ptr<void>
          ]
  c:\users\djehm_000\documents\computer science\personal project files\cinder_0.8.6_vc2013\cinder_0.8.6_vc2013\boost\boost\signals2\connection.hpp(55): note: see reference to class template instantiation 'boost::signals2::detail::garbage_collecting_lock<Mutex>' being compiled
  Expander.cpp
  NOTE: Use of this header (bool_trait_def.hpp) is deprecated
  NOTE: Use of this header (template_arity_spec.hpp) is deprecated
  NOTE: Use of this header (template_arity_spec.hpp) is deprecated
c:\users\djehm_000\documents\computer science\personal project files\cinder_0.8.6_vc2013\cinder_0.8.6_vc2013\projects\graphy\graphy\interface\interfaceutil.h(18): warning C4244: 'initializing': conversion from 'float' to 'const unsigned int', possible loss of data
c:\users\djehm_000\documents\computer science\personal project files\cinder_0.8.6_vc2013\cinder_0.8.6_vc2013\projects\graphy\graphy\interface\interfaceutil.h(27): warning C4091: 'static ': ignored on left of 'Graphy_App::InterfaceUtil' when no variable is declared
c:\users\djehm_000\documents\computer science\personal project files\cinder_0.8.6_vc2013\cinder_0.8.6_vc2013\projects\graphy\graphy\interface\expander.cpp(73): warning C4244: 'argument': conversion from 'int' to 'float', possible loss of data
c:\program files (x86)\microsoft visual studio 14.0\vc\include\xmemory(349): warning C4996: 'std::_Uninitialized_copy0': Function call with parameters that may be unsafe - this call relies on the caller to check that the passed values are correct. To disable this warning, use -D_SCL_SECURE_NO_WARNINGS. See documentation on how to use Visual C++ 'Checked Iterators'
  c:\program files (x86)\microsoft visual studio 14.0\vc\include\xmemory(336): note: see declaration of 'std::_Uninitialized_copy0'
  c:\users\djehm_000\documents\computer science\personal project files\cinder_0.8.6_vc2013\cinder_0.8.6_vc2013\boost\boost\signals2\detail\auto_buffer.hpp(191): note: see reference to function template instantiation '_FwdIt std::uninitialized_copy<I,boost::shared_ptr<void>*>(_InIt,_InIt,_FwdIt)' being compiled
          with
          [
              _FwdIt=boost::shared_ptr<void> *,
              I=boost::shared_ptr<void> *,
              _InIt=boost::shared_ptr<void> *
          ]
  c:\users\djehm_000\documents\computer science\personal project files\cinder_0.8.6_vc2013\cinder_0.8.6_vc2013\boost\boost\signals2\detail\auto_buffer.hpp(178): note: see reference to function template instantiation 'void boost::signals2::detail::auto_buffer<boost::shared_ptr<void>,boost::signals2::detail::store_n_objects<10>,boost::signals2::detail::default_grow_policy,std::allocator<T>>::copy_rai<I,false>(I,I,boost::shared_ptr<void> *,const boost::integral_constant<bool,false> &)' being compiled
          with
          [
              T=boost::shared_ptr<void>,
              I=boost::shared_ptr<void> *
          ]
  c:\users\djehm_000\documents\computer science\personal project files\cinder_0.8.6_vc2013\cinder_0.8.6_vc2013\boost\boost\signals2\detail\auto_buffer.hpp(178): note: see reference to function template instantiation 'void boost::signals2::detail::auto_buffer<boost::shared_ptr<void>,boost::signals2::detail::store_n_objects<10>,boost::signals2::detail::default_grow_policy,std::allocator<T>>::copy_rai<I,false>(I,I,boost::shared_ptr<void> *,const boost::integral_constant<bool,false> &)' being compiled
          with
          [
              T=boost::shared_ptr<void>,
              I=boost::shared_ptr<void> *
          ]
  c:\users\djehm_000\documents\computer science\personal project files\cinder_0.8.6_vc2013\cinder_0.8.6_vc2013\boost\boost\signals2\detail\auto_buffer.hpp(204): note: see reference to function template instantiation 'void boost::signals2::detail::auto_buffer<boost::shared_ptr<void>,boost::signals2::detail::store_n_objects<10>,boost::signals2::detail::default_grow_policy,std::allocator<T>>::copy_impl<I>(I,I,boost::shared_ptr<void> *,std::random_access_iterator_tag)' being compiled
          with
          [
              T=boost::shared_ptr<void>,
              I=boost::shared_ptr<void> *
          ]
  c:\users\djehm_000\documents\computer science\personal project files\cinder_0.8.6_vc2013\cinder_0.8.6_vc2013\boost\boost\signals2\detail\auto_buffer.hpp(203): note: see reference to function template instantiation 'void boost::signals2::detail::auto_buffer<boost::shared_ptr<void>,boost::signals2::detail::store_n_objects<10>,boost::signals2::detail::default_grow_policy,std::allocator<T>>::copy_impl<I>(I,I,boost::shared_ptr<void> *,std::random_access_iterator_tag)' being compiled
          with
          [
              T=boost::shared_ptr<void>,
              I=boost::shared_ptr<void> *
          ]
  c:\users\djehm_000\documents\computer science\personal project files\cinder_0.8.6_vc2013\cinder_0.8.6_vc2013\boost\boost\signals2\detail\auto_buffer.hpp(296): note: see reference to function template instantiation 'void boost::signals2::detail::auto_buffer<boost::shared_ptr<void>,boost::signals2::detail::store_n_objects<10>,boost::signals2::detail::default_grow_policy,std::allocator<T>>::copy_impl<boost::shared_ptr<void>*>(I,I,boost::shared_ptr<void> *)' being compiled
          with
          [
              T=boost::shared_ptr<void>,
              I=boost::shared_ptr<void> *
          ]
  c:\users\djehm_000\documents\computer science\personal project files\cinder_0.8.6_vc2013\cinder_0.8.6_vc2013\boost\boost\signals2\detail\auto_buffer.hpp(296): note: see reference to function template instantiation 'void boost::signals2::detail::auto_buffer<boost::shared_ptr<void>,boost::signals2::detail::store_n_objects<10>,boost::signals2::detail::default_grow_policy,std::allocator<T>>::copy_impl<boost::shared_ptr<void>*>(I,I,boost::shared_ptr<void> *)' being compiled
          with
          [
              T=boost::shared_ptr<void>,
              I=boost::shared_ptr<void> *
          ]
  c:\users\djehm_000\documents\computer science\personal project files\cinder_0.8.6_vc2013\cinder_0.8.6_vc2013\boost\boost\signals2\detail\auto_buffer.hpp(294): note: while compiling class template member function 'boost::shared_ptr<void> *boost::signals2::detail::auto_buffer<boost::shared_ptr<void>,boost::signals2::detail::store_n_objects<10>,boost::signals2::detail::default_grow_policy,std::allocator<T>>::move_to_new_buffer(unsigned __int64,const boost::true_type &)'
          with
          [
              T=boost::shared_ptr<void>
          ]
  c:\users\djehm_000\documents\computer science\personal project files\cinder_0.8.6_vc2013\cinder_0.8.6_vc2013\boost\boost\signals2\detail\auto_buffer.hpp(302): note: see reference to function template instantiation 'boost::shared_ptr<void> *boost::signals2::detail::auto_buffer<boost::shared_ptr<void>,boost::signals2::detail::store_n_objects<10>,boost::signals2::detail::default_grow_policy,std::allocator<T>>::move_to_new_buffer(unsigned __int64,const boost::true_type &)' being compiled
          with
          [
              T=boost::shared_ptr<void>
          ]
  c:\users\djehm_000\documents\computer science\personal project files\cinder_0.8.6_vc2013\cinder_0.8.6_vc2013\boost\boost\signals2\connection.hpp(53): note: see reference to class template instantiation 'boost::signals2::detail::auto_buffer<boost::shared_ptr<void>,boost::signals2::detail::store_n_objects<10>,boost::signals2::detail::default_grow_policy,std::allocator<T>>' being compiled
          with
          [
              T=boost::shared_ptr<void>
          ]
  c:\users\djehm_000\documents\computer science\personal project files\cinder_0.8.6_vc2013\cinder_0.8.6_vc2013\boost\boost\signals2\connection.hpp(55): note: see reference to class template instantiation 'boost::signals2::detail::garbage_collecting_lock<Mutex>' being compiled
  Button.cpp
  NOTE: Use of this header (bool_trait_def.hpp) is deprecated
  NOTE: Use of this header (template_arity_spec.hpp) is deprecated
  NOTE: Use of this header (template_arity_spec.hpp) is deprecated
c:\program files (x86)\microsoft visual studio 14.0\vc\include\xmemory(349): warning C4996: 'std::_Uninitialized_copy0': Function call with parameters that may be unsafe - this call relies on the caller to check that the passed values are correct. To disable this warning, use -D_SCL_SECURE_NO_WARNINGS. See documentation on how to use Visual C++ 'Checked Iterators'
  c:\program files (x86)\microsoft visual studio 14.0\vc\include\xmemory(336): note: see declaration of 'std::_Uninitialized_copy0'
  c:\users\djehm_000\documents\computer science\personal project files\cinder_0.8.6_vc2013\cinder_0.8.6_vc2013\boost\boost\signals2\detail\auto_buffer.hpp(191): note: see reference to function template instantiation '_FwdIt std::uninitialized_copy<I,boost::shared_ptr<void>*>(_InIt,_InIt,_FwdIt)' being compiled
          with
          [
              _FwdIt=boost::shared_ptr<void> *,
              I=boost::shared_ptr<void> *,
              _InIt=boost::shared_ptr<void> *
          ]
  c:\users\djehm_000\documents\computer science\personal project files\cinder_0.8.6_vc2013\cinder_0.8.6_vc2013\boost\boost\signals2\detail\auto_buffer.hpp(178): note: see reference to function template instantiation 'void boost::signals2::detail::auto_buffer<boost::shared_ptr<void>,boost::signals2::detail::store_n_objects<10>,boost::signals2::detail::default_grow_policy,std::allocator<T>>::copy_rai<I,false>(I,I,boost::shared_ptr<void> *,const boost::integral_constant<bool,false> &)' being compiled
          with
          [
              T=boost::shared_ptr<void>,
              I=boost::shared_ptr<void> *
          ]
  c:\users\djehm_000\documents\computer science\personal project files\cinder_0.8.6_vc2013\cinder_0.8.6_vc2013\boost\boost\signals2\detail\auto_buffer.hpp(178): note: see reference to function template instantiation 'void boost::signals2::detail::auto_buffer<boost::shared_ptr<void>,boost::signals2::detail::store_n_objects<10>,boost::signals2::detail::default_grow_policy,std::allocator<T>>::copy_rai<I,false>(I,I,boost::shared_ptr<void> *,const boost::integral_constant<bool,false> &)' being compiled
          with
          [
              T=boost::shared_ptr<void>,
              I=boost::shared_ptr<void> *
          ]
  c:\users\djehm_000\documents\computer science\personal project files\cinder_0.8.6_vc2013\cinder_0.8.6_vc2013\boost\boost\signals2\detail\auto_buffer.hpp(204): note: see reference to function template instantiation 'void boost::signals2::detail::auto_buffer<boost::shared_ptr<void>,boost::signals2::detail::store_n_objects<10>,boost::signals2::detail::default_grow_policy,std::allocator<T>>::copy_impl<I>(I,I,boost::shared_ptr<void> *,std::random_access_iterator_tag)' being compiled
          with
          [
              T=boost::shared_ptr<void>,
              I=boost::shared_ptr<void> *
          ]
  c:\users\djehm_000\documents\computer science\personal project files\cinder_0.8.6_vc2013\cinder_0.8.6_vc2013\boost\boost\signals2\detail\auto_buffer.hpp(203): note: see reference to function template instantiation 'void boost::signals2::detail::auto_buffer<boost::shared_ptr<void>,boost::signals2::detail::store_n_objects<10>,boost::signals2::detail::default_grow_policy,std::allocator<T>>::copy_impl<I>(I,I,boost::shared_ptr<void> *,std::random_access_iterator_tag)' being compiled
          with
          [
              T=boost::shared_ptr<void>,
              I=boost::shared_ptr<void> *
          ]
  c:\users\djehm_000\documents\computer science\personal project files\cinder_0.8.6_vc2013\cinder_0.8.6_vc2013\boost\boost\signals2\detail\auto_buffer.hpp(296): note: see reference to function template instantiation 'void boost::signals2::detail::auto_buffer<boost::shared_ptr<void>,boost::signals2::detail::store_n_objects<10>,boost::signals2::detail::default_grow_policy,std::allocator<T>>::copy_impl<boost::shared_ptr<void>*>(I,I,boost::shared_ptr<void> *)' being compiled
          with
          [
              T=boost::shared_ptr<void>,
              I=boost::shared_ptr<void> *
          ]
  c:\users\djehm_000\documents\computer science\personal project files\cinder_0.8.6_vc2013\cinder_0.8.6_vc2013\boost\boost\signals2\detail\auto_buffer.hpp(296): note: see reference to function template instantiation 'void boost::signals2::detail::auto_buffer<boost::shared_ptr<void>,boost::signals2::detail::store_n_objects<10>,boost::signals2::detail::default_grow_policy,std::allocator<T>>::copy_impl<boost::shared_ptr<void>*>(I,I,boost::shared_ptr<void> *)' being compiled
          with
          [
              T=boost::shared_ptr<void>,
              I=boost::shared_ptr<void> *
          ]
  c:\users\djehm_000\documents\computer science\personal project files\cinder_0.8.6_vc2013\cinder_0.8.6_vc2013\boost\boost\signals2\detail\auto_buffer.hpp(294): note: while compiling class template member function 'boost::shared_ptr<void> *boost::signals2::detail::auto_buffer<boost::shared_ptr<void>,boost::signals2::detail::store_n_objects<10>,boost::signals2::detail::default_grow_policy,std::allocator<T>>::move_to_new_buffer(unsigned __int64,const boost::true_type &)'
          with
          [
              T=boost::shared_ptr<void>
          ]
  c:\users\djehm_000\documents\computer science\personal project files\cinder_0.8.6_vc2013\cinder_0.8.6_vc2013\boost\boost\signals2\detail\auto_buffer.hpp(302): note: see reference to function template instantiation 'boost::shared_ptr<void> *boost::signals2::detail::auto_buffer<boost::shared_ptr<void>,boost::signals2::detail::store_n_objects<10>,boost::signals2::detail::default_grow_policy,std::allocator<T>>::move_to_new_buffer(unsigned __int64,const boost::true_type &)' being compiled
          with
          [
              T=boost::shared_ptr<void>
          ]
  c:\users\djehm_000\documents\computer science\personal project files\cinder_0.8.6_vc2013\cinder_0.8.6_vc2013\boost\boost\signals2\connection.hpp(53): note: see reference to class template instantiation 'boost::signals2::detail::auto_buffer<boost::shared_ptr<void>,boost::signals2::detail::store_n_objects<10>,boost::signals2::detail::default_grow_policy,std::allocator<T>>' being compiled
          with
          [
              T=boost::shared_ptr<void>
          ]
  c:\users\djehm_000\documents\computer science\personal project files\cinder_0.8.6_vc2013\cinder_0.8.6_vc2013\boost\boost\signals2\connection.hpp(55): note: see reference to class template instantiation 'boost::signals2::detail::garbage_collecting_lock<Mutex>' being compiled
  TestMain.cpp
c:\users\djehm_000\documents\computer science\personal project files\cinder_0.8.6_vc2013\cinder_0.8.6_vc2013\projects\graphy\graphy\algorithm\dijkstra.h(31): warning C4091: 'static ': ignored on left of 'Graphy_Algorithm::Dijkstra' when no variable is declared
c:\users\djehm_000\documents\computer science\personal project files\cinder_0.8.6_vc2013\cinder_0.8.6_vc2013\projects\graphy\graphy\algorithm\apshortestpath.h(22): warning C4091: 'static ': ignored on left of 'Graphy_Algorithm::APShortestPath' when no variable is declared
c:\users\djehm_000\documents\computer science\personal project files\cinder_0.8.6_vc2013\cinder_0.8.6_vc2013\projects\graphy\graphy\algorithm\mst.h(37): warning C4091: 'static ': ignored on left of 'Graphy_Algorithm::Mst' when no variable is declared
c:\users\djehm_000\documents\computer science\personal project files\cinder_0.8.6_vc2013\cinder_0.8.6_vc2013\projects\graphy\graphy\graph\testmain.cpp(278): warning C4267: 'initializing': conversion from 'size_t' to 'int', possible loss of data
  Graph.cpp
c:\users\djehm_000\documents\computer science\personal project files\cinder_0.8.6_vc2013\cinder_0.8.6_vc2013\projects\graphy\graphy\graph\graph.cpp(64): warning C4267: 'initializing': conversion from 'size_t' to 'int', possible loss of data
  AdjListNode.cpp
  AdjList.cpp
  Tarjan.cpp
  Mst.cpp
c:\users\djehm_000\documents\computer science\personal project files\cinder_0.8.6_vc2013\cinder_0.8.6_vc2013\projects\graphy\graphy\algorithm\mst.h(37): warning C4091: 'static ': ignored on left of 'Graphy_Algorithm::Mst' when no variable is declared
  GraphColor.cpp
  Dijkstra.cpp
c:\users\djehm_000\documents\computer science\personal project files\cinder_0.8.6_vc2013\cinder_0.8.6_vc2013\projects\graphy\graphy\algorithm\dijkstra.h(31): warning C4091: 'static ': ignored on left of 'Graphy_Algorithm::Dijkstra' when no variable is declared
  APShortestPath.cpp
c:\users\djehm_000\documents\computer science\personal project files\cinder_0.8.6_vc2013\cinder_0.8.6_vc2013\projects\graphy\graphy\algorithm\apshortestpath.h(22): warning C4091: 'static ': ignored on left of 'Graphy_Algorithm::APShortestPath' when no variable is declared
c:\users\djehm_000\documents\computer science\personal project files\cinder_0.8.6_vc2013\cinder_0.8.6_vc2013\projects\graphy\graphy\algorithm\dijkstra.h(31): warning C4091: 'static ': ignored on left of 'Graphy_Algorithm::Dijkstra' when no variable is declared
c:\users\djehm_000\documents\computer science\personal project files\cinder_0.8.6_vc2013\cinder_0.8.6_vc2013\projects\graphy\graphy\algorithm\apshortestpath.cpp(22): warning C4101: 'dij': unreferenced local variable
  Generating Code...
  Graphy.vcxproj -> C:\Users\djehm_000\Documents\Computer Science\Personal Project Files\cinder_0.8.6_vc2013\cinder_0.8.6_vc2013\Projects\Graphy\x64\Debug\Graphy.exe
